info it worked if it ends with ok
verbose cli [ 'node', '/usr/bin/npm', 'install', '-g', 'grunt-cli' ]
info using npm@1.1.4
info using node@v0.6.12
verbose config file /root/.npmrc
verbose config file /usr/etc/npmrc
verbose config file /usr/share/npm/npmrc
silly exec /usr/bin/node "/usr/share/npm/bin/npm-get-uid-gid.js" "nobody" 1000
silly spawning [ '/usr/bin/node',
silly spawning   [ '/usr/share/npm/bin/npm-get-uid-gid.js', 'nobody', 1000 ],
silly spawning   null ]
silly output from getuid/gid {"uid":65534,"gid":1000}
silly output from getuid/gid 
verbose cache add [ 'grunt-cli', null ]
silly cache add: name, spec, args [ undefined, 'grunt-cli', [ 'grunt-cli', null ] ]
verbose parsed url { pathname: 'grunt-cli', path: 'grunt-cli', href: 'grunt-cli' }
verbose addNamed [ 'grunt-cli', '' ]
verbose addNamed [ null, '' ]
silly name, range, hasData [ 'grunt-cli', '', false ]
verbose raw, before any munging grunt-cli
verbose url resolving [ 'http://registry.npmjs.org/', './grunt-cli' ]
verbose url resolved http://registry.npmjs.org/grunt-cli
verbose etag "BMODEVI8ASRQEWVWG2U87PJLG"
http GET http://registry.npmjs.org/grunt-cli
http 304 http://registry.npmjs.org/grunt-cli
silly get cb [ 304,
silly get cb   { date: 'Sun, 23 Feb 2014 19:52:39 GMT',
silly get cb     via: '1.1 varnish',
silly get cb     'last-modified': 'Sun, 23 Feb 2014 19:52:39 GMT',
silly get cb     'cache-control': 'max-age=1',
silly get cb     etag: '"BMODEVI8ASRQEWVWG2U87PJLG"',
silly get cb     connection: 'keep-alive',
silly get cb     'x-served-by': 'cache-am70-AMS',
silly get cb     'x-cache': 'MISS',
silly get cb     'x-cache-hits': '0',
silly get cb     'x-timer': 'S1393185159.756646156,VS0,VE122',
silly get cb     vary: 'Accept' } ]
verbose etag grunt-cli from cache
silly name, range, hasData 2 [ 'grunt-cli', '', true ]
silly versions [ 'grunt-cli', [] ]
ERR! Error: No compatible version found: grunt-cli
ERR! No valid targets found.
ERR! Perhaps not compatible with your version of node?
ERR!     at installTargetsError (/usr/share/npm/lib/cache.js:488:10)
ERR!     at next_ (/usr/share/npm/lib/cache.js:438:17)
ERR!     at next (/usr/share/npm/lib/cache.js:415:44)
ERR!     at /usr/share/npm/lib/cache.js:408:5
ERR!     at saved (/usr/share/npm/lib/utils/npm-registry-client/get.js:147:7)
ERR!     at Object.oncomplete (/usr/lib/nodejs/graceful-fs.js:230:7)
ERR! You may report this log at:
ERR!     <http://bugs.debian.org/npm>
ERR! or use
ERR!     reportbug --attach /home/randi/git/angular-seed/npm-debug.log npm
ERR! 
ERR! System Linux 3.11.0-17-generic
ERR! command "node" "/usr/bin/npm" "install" "-g" "grunt-cli"
ERR! cwd /home/randi/git/angular-seed
ERR! node -v v0.6.12
ERR! npm -v 1.1.4
ERR! message No compatible version found: grunt-cli
ERR! message No valid targets found.
ERR! message Perhaps not compatible with your version of node?
verbose exit [ 1, true ]
